2021-10-21 10:49:24,297 [Worker-6: Loading available Gradle versions] INFO  o.e.b.c.i.u.g.PublishedGradleVersions - Gradle version information cache is not available. Remote download required.
2021-10-22 08:46:14,824 [Worker-6: Loading available Gradle versions] INFO  o.e.b.c.i.u.g.PublishedGradleVersions - Gradle version information cache is up-to-date. Trying to read.
2021-10-22 08:46:39,434 [Worker-5: Update Maven projects configuration] INFO  o.e.m.c.i.p.ProjectConfigurationManager - Update started
2021-10-22 08:46:52,600 [Worker-5: Update Maven projects configuration] INFO  o.e.m.c.i.l.LifecycleMappingFactory - Using org.eclipse.m2e.jdt.JarLifecycleMapping lifecycle mapping for MavenProject: es.tuespiral:U2.E1.Javadoc:1.0 @ C:\Users\srdpl\Desktop\U2.E1.Javadoc\pom.xml.
2021-10-22 08:46:59,833 [Worker-5: Update Maven projects configuration] INFO  o.e.m.j.i.AbstractJavaProjectConfigurator - Adding source folder /U2.E1.Javadoc/src/main/java
2021-10-22 08:46:59,844 [Worker-5: Update Maven projects configuration] INFO  o.e.m.j.i.AbstractJavaProjectConfigurator - Adding source folder /U2.E1.Javadoc/src/test/java
2021-10-22 08:47:06,795 [Worker-5: Update Maven projects configuration] INFO  o.e.m.c.i.p.ProjectConfigurationManager - Update completed: 27 sec
2021-10-22 08:47:06,969 [Worker-4: Building] INFO  o.e.m.c.i.embedder.EclipseLogger - Using 'UTF-8' encoding to copy filtered resources.
2021-10-22 08:47:06,969 [Worker-4: Building] INFO  o.e.m.c.i.embedder.EclipseLogger - skip non existing resourceDirectory C:\Users\srdpl\Desktop\U2.E1.Javadoc\src\main\resources
2021-10-22 08:47:06,971 [Worker-4: Building] INFO  o.e.m.c.i.embedder.EclipseLogger - Using 'UTF-8' encoding to copy filtered resources.
2021-10-22 08:47:06,973 [Worker-4: Building] INFO  o.e.m.c.i.embedder.EclipseLogger - skip non existing resourceDirectory C:\Users\srdpl\Desktop\U2.E1.Javadoc\src\test\resources
2021-10-22 08:49:04,358 [Worker-6: Update Maven projects configuration] INFO  o.e.m.c.i.p.ProjectConfigurationManager - Update started
2021-10-22 08:49:04,447 [Worker-6: Update Maven projects configuration] INFO  o.e.m.c.i.l.LifecycleMappingFactory - Using org.eclipse.m2e.jdt.JarLifecycleMapping lifecycle mapping for MavenProject: com.mycompany:U1.E1.Abeja:1.0-SNAPSHOT @ C:\Users\srdpl\Desktop\Curso  DAW\Curso 2021-2022\Programacion\Boletin de ejercicios\U1.E1.Abeja\pom.xml.
2021-10-22 08:49:04,542 [Worker-6: Update Maven projects configuration] INFO  o.e.m.j.i.AbstractJavaProjectConfigurator - Adding source folder /U1.E1.Abeja/src/main/java
2021-10-22 08:49:04,554 [Worker-6: Update Maven projects configuration] INFO  o.e.m.j.i.AbstractJavaProjectConfigurator - Adding source folder /U1.E1.Abeja/src/test/java
2021-10-22 08:49:04,796 [Worker-6: Update Maven projects configuration] INFO  o.e.m.c.i.p.ProjectConfigurationManager - Update completed: 0 sec
2021-10-22 08:49:05,104 [Worker-13: Building] INFO  o.e.m.c.i.embedder.EclipseLogger - Using 'UTF-8' encoding to copy filtered resources.
2021-10-22 08:49:05,105 [Worker-13: Building] INFO  o.e.m.c.i.embedder.EclipseLogger - skip non existing resourceDirectory C:\Users\srdpl\Desktop\Curso  DAW\Curso 2021-2022\Programacion\Boletin de ejercicios\U1.E1.Abeja\src\main\resources
2021-10-22 08:49:05,108 [Worker-13: Building] INFO  o.e.m.c.i.embedder.EclipseLogger - Using 'UTF-8' encoding to copy filtered resources.
2021-10-22 08:49:05,108 [Worker-13: Building] INFO  o.e.m.c.i.embedder.EclipseLogger - skip non existing resourceDirectory C:\Users\srdpl\Desktop\Curso  DAW\Curso 2021-2022\Programacion\Boletin de ejercicios\U1.E1.Abeja\src\test\resources
